-------------------------------------------------------------------------------
Test set: com.zeroBank.Runner.CukesRunner
-------------------------------------------------------------------------------
Tests run: 1, Failures: 1, Errors: 0, Skipped: 0, Time elapsed: 19.924 s <<< FAILURE! - in com.zeroBank.Runner.CukesRunner
Search date range(Find Transactions in Account Activity)  Time elapsed: 19.363 s  <<< FAILURE!
org.junit.ComparisonFailure: verify that dates are not sorted expected:<2012-09-0[2]> but was:<2012-09-0[1]>

